\BOOKMARK [1][-]{section.1}{\376\377\137\025\212\000}{}% 1
\BOOKMARK [1][-]{section.2}{\376\377\166\370\121\163\135\345\117\134}{}% 2
\BOOKMARK [1][-]{section.3}{\376\377\142\113\121\231\145\160\133\127\213\306\122\053\145\160\143\156\226\306\000\050\000M\000N\000I\000S\000T\000\051}{}% 3
\BOOKMARK [1][-]{section.4}{\376\377\121\150\217\336\143\245\171\136\176\317\177\121\176\334}{}% 4
\BOOKMARK [2][-]{subsection.4.1}{\376\377\152\041\127\213\147\266\147\204}{section.4}% 5
\BOOKMARK [2][-]{subsection.4.2}{\376\377\133\236\232\214\116\000\377\032\173\200\123\125\123\315\124\021\117\040\144\255\166\204\133\236\163\260}{section.4}% 6
\BOOKMARK [3][-]{subsubsection.4.2.1}{\376\377\133\236\232\214\213\276\177\156}{subsection.4.2}% 7
\BOOKMARK [3][-]{subsubsection.4.2.2}{\376\377\176\323\147\234\122\006\147\220}{subsection.4.2}% 8
\BOOKMARK [2][-]{subsection.4.3}{\376\377\133\236\232\214\116\214\377\032\226\220\134\102\171\136\176\317\121\103\166\204\117\134\165\050\122\006\147\220}{section.4}% 9
\BOOKMARK [3][-]{subsubsection.4.3.1}{\376\377\133\236\232\214\213\276\177\156}{subsection.4.3}% 10
\BOOKMARK [3][-]{subsubsection.4.3.2}{\376\377\176\323\147\234\122\006\147\220}{subsection.4.3}% 11
\BOOKMARK [2][-]{subsection.4.4}{\376\377\133\236\232\214\116\011\377\032\162\171\137\201\143\320\123\326\126\150\116\016\122\006\174\173\126\150\166\204\211\343\200\046\122\006\147\220}{section.4}% 12
\BOOKMARK [3][-]{subsubsection.4.4.1}{\376\377\122\006\147\220\140\035\215\357}{subsection.4.4}% 13
\BOOKMARK [3][-]{subsubsection.4.4.2}{\376\377\133\236\232\214\213\276\177\156}{subsection.4.4}% 14
\BOOKMARK [3][-]{subsubsection.4.4.3}{\376\377\133\236\232\214\176\323\147\234\122\006\147\220}{subsection.4.4}% 15
\BOOKMARK [1][-]{section.5}{\376\377\123\167\171\357\171\136\176\317\177\121\176\334}{}% 16
\BOOKMARK [2][-]{subsection.5.1}{\376\377\152\041\127\213\147\266\147\204\116\016\133\236\232\214\213\276\177\156}{section.5}% 17
\BOOKMARK [2][-]{subsection.5.2}{\376\377\133\236\232\214\176\323\147\234}{section.5}% 18
\BOOKMARK [1][-]{section.6}{\376\377\143\242\175\042\377\032\171\136\176\317\177\121\176\334\146\057\213\260\137\306\217\330\146\057\133\146\116\140\377\037}{}% 19
\BOOKMARK [1][-]{section.7}{\376\377\176\323\213\355}{}% 20
\BOOKMARK [1][-]{appendix.A}{\376\377\123\315\124\021\117\040\144\255\173\227\154\325}{}% 21
\BOOKMARK [2][-]{subsection.A.1}{\376\377\131\032\134\102\141\037\167\345\147\072\123\315\124\021\117\040\144\255}{appendix.A}% 22
\BOOKMARK [2][-]{subsection.A.2}{\376\377\123\167\171\357\171\136\176\317\177\121\176\334\123\315\124\021\117\040\144\255}{appendix.A}% 23
\BOOKMARK [1][-]{appendix.B}{\376\377\000t\000s\000n\000e\226\115\176\364\134\125\171\072\162\171\137\201\172\172\225\364\133\236\232\214\176\323\147\234}{}% 24
\BOOKMARK [1][-]{appendix.C}{\376\377\121\273\176\323\133\236\232\214\176\323\147\234}{}% 25
\BOOKMARK [1][-]{appendix.D}{\376\377\126\342\226\037\122\006\135\345}{}% 26
